<?xml version="1.0" encoding="UTF-8"?>
<!-- Generated by org.testng.reporters.JUnitXMLReporter -->
<testsuite hostname="madhavi" name="Test" tests="5" failures="1" timestamp="17 Oct 2018 07:08:28 GMT" time="5.682" errors="0">
  <testcase name="blankuser" time="0.368" classname="com.listner.Testdata">
    <skipped/>
  </testcase> <!-- blankuser -->
  <testcase name="blankuser" time="0.255" classname="com.listner.Testdata">
    <skipped/>
  </testcase> <!-- blankuser -->
  <testcase name="blankuser" time="0.206" classname="com.listner.Testdata">
    <failure type="java.lang.AssertionError" message="expected [Please enter email..] but found [Please enter email.]">
      <![CDATA[java.lang.AssertionError: expected [Please enter email..] but found [Please enter email.]
	at com.listner.Testdata.blankuser(Testdata.java:51)
... Removed 29 stack frames]]>
    </failure>
  </testcase> <!-- blankuser -->
  <testcase name="invaliduser" time="1.138" classname="com.listner.Testdata"/>
  <testcase name="valid" time="2.572" classname="com.listner.Testdata"/>
</testsuite> <!-- Test -->
